[2023-02-25T12:06:05.406] [WARN] warn - GET /css/estilos.css - Ruta inexistente
[2023-02-25T12:06:05.508] [WARN] warn - GET /index.js - Ruta inexistente
[2023-02-25T12:06:16.984] [WARN] warn - GET /css/estilos.css - Ruta inexistente
[2023-02-25T12:06:23.825] [WARN] warn - GET /css/estilos.css - Ruta inexistente
[2023-02-25T12:06:23.860] [WARN] warn - GET /index.js - Ruta inexistente
[2023-02-25T12:58:47.894] [WARN] warn - GET /index.js - Ruta inexistente
[2023-02-25T12:58:47.906] [WARN] warn - GET /css/estilos.css - Ruta inexistente
[2023-03-07T17:28:50.171] [WARN] warn - GET /css/estilos.css - Ruta inexistente
[2023-03-07T17:28:50.274] [WARN] warn - GET /index.js - Ruta inexistente
[2023-03-07T17:28:50.925] [WARN] warn - GET /favicon.ico - Ruta inexistente
[2023-03-07T17:37:54.567] [WARN] warn - GET /css/estilos.css - Ruta inexistente
[2023-03-07T17:37:54.577] [WARN] warn - GET /index.js - Ruta inexistente
[2023-03-07T17:44:02.396] [WARN] warn - GET /css/estilos.css - Ruta inexistente
[2023-03-07T17:44:02.754] [WARN] warn - GET /index.js - Ruta inexistente
[2023-03-07T17:45:43.594] [WARN] warn - GET /css/estilos.css - Ruta inexistente
[2023-03-07T17:45:43.669] [WARN] warn - GET /index.js - Ruta inexistente
[2023-03-07T17:50:18.619] [WARN] warn - GET /css/estilos.css - Ruta inexistente
[2023-03-07T17:50:18.642] [WARN] warn - GET /index.js - Ruta inexistente
[2023-03-07T17:59:07.679] [WARN] warn - GET /css/estilos.css - Ruta inexistente
[2023-03-07T17:59:07.763] [WARN] warn - GET /index.js - Ruta inexistente
[2023-03-07T18:06:11.669] [WARN] warn - GET /css/estilos.css - Ruta inexistente
[2023-03-07T18:06:11.707] [WARN] warn - GET /index.js - Ruta inexistente
[2023-03-07T18:14:39.700] [WARN] warn - GET /css/estilos.css - Ruta inexistente
[2023-03-07T18:14:39.817] [WARN] warn - GET /index.js - Ruta inexistente
[2023-03-07T18:14:40.448] [WARN] warn - GET /favicon.ico - Ruta inexistente
[2023-03-13T18:57:06.606] [WARN] warn - GET /css/estilos.css - Ruta inexistente
[2023-03-13T18:57:06.667] [WARN] warn - GET /index.js - Ruta inexistente
[2023-03-13T18:57:07.479] [WARN] warn - GET /favicon.ico - Ruta inexistente
[2023-03-13T19:01:27.905] [WARN] warn - GET /css/estilos.css - Ruta inexistente
[2023-03-13T19:01:27.936] [WARN] warn - GET /index.js - Ruta inexistente
[2023-03-13T19:02:02.979] [WARN] warn - GET /css/estilos.css - Ruta inexistente
[2023-03-13T19:07:29.670] [WARN] warn - GET /css/estilos.css - Ruta inexistente
[2023-03-13T19:07:56.006] [WARN] warn - GET /css/estilos.css - Ruta inexistente
[2023-03-13T19:13:18.057] [WARN] warn - GET /css/estilos.css - Ruta inexistente
[2023-03-13T19:13:18.070] [WARN] warn - GET /index.js - Ruta inexistente
[2023-03-13T19:13:49.619] [WARN] warn - GET /css/estilos.css - Ruta inexistente
[2023-03-13T19:17:30.534] [WARN] warn - GET /css/estilos.css - Ruta inexistente
[2023-03-13T19:19:13.930] [WARN] warn - GET /main,html - Ruta inexistente
[2023-03-13T19:19:44.286] [WARN] warn - GET /css/estilos.css - Ruta inexistente
[2023-03-13T19:19:44.378] [WARN] warn - GET /index.js - Ruta inexistente
[2023-03-13T20:29:09.303] [WARN] warn - GET /css/estilos.css - Ruta inexistente
[2023-03-13T20:29:15.561] [WARN] warn - GET /css/estilos.css - Ruta inexistente
[2023-03-13T20:29:21.593] [WARN] warn - GET /css/estilos.css - Ruta inexistente
[2023-03-13T20:30:03.089] [WARN] warn - GET /css/estilos.css - Ruta inexistente
[2023-03-13T20:30:03.124] [WARN] warn - GET /index.js - Ruta inexistente
[2023-03-13T20:30:03.305] [WARN] warn - GET /css/estilos.css - Ruta inexistente
[2023-03-14T09:13:13.651] [WARN] warn - GET /css/estilos.css - Ruta inexistente
[2023-03-14T09:13:13.773] [WARN] warn - GET /index.js - Ruta inexistente
[2023-03-14T09:13:14.637] [WARN] warn - GET /favicon.ico - Ruta inexistente
[2023-03-14T09:13:21.739] [WARN] warn - GET /css/estilos.css - Ruta inexistente
[2023-03-14T09:13:24.930] [WARN] warn - GET /css/estilos.css - Ruta inexistente
[2023-03-14T09:14:12.762] [WARN] warn - GET /css/estilos.css - Ruta inexistente
[2023-03-14T09:14:52.241] [WARN] warn - GET /css/estilos.css - Ruta inexistente
[2023-03-14T09:15:11.290] [WARN] warn - GET /css/estilos.css - Ruta inexistente
[2023-03-14T09:15:23.196] [WARN] warn - GET /css/estilos.css - Ruta inexistente
[2023-03-14T09:15:23.208] [WARN] warn - GET /index.js - Ruta inexistente
[2023-03-14T09:18:55.184] [WARN] warn - GET /css/estilos.css - Ruta inexistente
[2023-03-14T09:18:55.253] [WARN] warn - GET /index.js - Ruta inexistente
[2023-03-14T09:24:16.752] [WARN] warn - GET /css/estilos.css - Ruta inexistente
[2023-03-14T09:24:18.335] [WARN] warn - GET /css/estilos.css - Ruta inexistente
[2023-03-14T09:25:31.343] [WARN] warn - GET /css/estilos.css - Ruta inexistente
[2023-03-14T11:24:42.160] [WARN] warn - GET /css/estilos.css - Ruta inexistente
[2023-03-14T11:24:43.951] [WARN] warn - GET /css/estilos.css - Ruta inexistente
[2023-03-14T11:27:09.179] [WARN] warn - GET /css/estilos.css - Ruta inexistente
[2023-03-14T11:27:20.161] [WARN] warn - GET /css/estilos.css - Ruta inexistente
[2023-03-14T11:27:20.383] [WARN] warn - GET /css/estilos.css - Ruta inexistente
[2023-03-14T11:33:24.551] [WARN] warn - GET /css/estilos.css - Ruta inexistente
[2023-03-14T11:48:24.197] [WARN] warn - GET /css/estilos.css - Ruta inexistente
[2023-03-14T11:48:27.131] [WARN] warn - GET /public/register - Ruta inexistente
[2023-03-14T11:49:03.079] [WARN] warn - GET /public/register - Ruta inexistente
[2023-03-14T11:49:13.265] [WARN] warn - GET /css/estilos.css - Ruta inexistente
[2023-03-14T11:49:16.751] [WARN] warn - GET /public/register - Ruta inexistente
[2023-03-14T11:49:55.546] [WARN] warn - GET /css/estilos.css - Ruta inexistente
[2023-03-14T11:50:13.935] [WARN] warn - GET /css/estilos.css - Ruta inexistente
[2023-03-14T11:50:29.560] [WARN] warn - GET /index.js - Ruta inexistente
[2023-03-14T11:50:29.572] [WARN] warn - GET /css/estilos.css - Ruta inexistente
[2023-03-14T11:52:13.236] [WARN] warn - GET /css/estilos.css - Ruta inexistente
[2023-03-14T11:52:13.388] [WARN] warn - GET /index.js - Ruta inexistente
[2023-03-14T11:52:22.266] [WARN] warn - GET /css/estilos.css - Ruta inexistente
[2023-03-14T11:52:37.522] [WARN] warn - GET /css/estilos.css - Ruta inexistente
[2023-03-14T11:52:37.576] [WARN] warn - GET /index.js - Ruta inexistente
[2023-03-14T11:53:33.877] [WARN] warn - GET /css/estilos.css - Ruta inexistente
[2023-03-14T11:53:56.524] [WARN] warn - GET /css/estilos.css - Ruta inexistente
[2023-03-14T11:54:10.809] [WARN] warn - GET /index.js - Ruta inexistente
[2023-03-14T11:54:10.934] [WARN] warn - GET /css/estilos.css - Ruta inexistente
[2023-03-14T11:56:11.689] [WARN] warn - GET /css/estilos.css - Ruta inexistente
[2023-03-14T11:56:15.135] [WARN] warn - GET /public/register.html - Ruta inexistente
[2023-03-14T11:56:48.250] [WARN] warn - GET /css/estilos.css - Ruta inexistente
[2023-03-14T11:57:19.341] [WARN] warn - GET /css/estilos.css - Ruta inexistente
[2023-03-14T11:58:08.870] [WARN] warn - GET /css/estilos.css - Ruta inexistente
[2023-03-14T11:58:48.059] [WARN] warn - GET /css/estilos.css - Ruta inexistente
[2023-03-14T11:58:50.397] [WARN] warn - GET /css/estilos.css - Ruta inexistente
[2023-03-14T12:01:13.862] [WARN] warn - GET /css/estilos.css - Ruta inexistente
[2023-03-14T12:01:22.500] [WARN] warn - GET /css/estilos.css - Ruta inexistente
[2023-03-14T12:01:58.104] [WARN] warn - GET /css/estilos.css - Ruta inexistente
[2023-03-14T12:02:41.323] [WARN] warn - GET /index.js - Ruta inexistente
[2023-03-14T12:02:41.441] [WARN] warn - GET /css/estilos.css - Ruta inexistente
[2023-03-14T13:00:09.075] [WARN] warn - GET /css/estilos.css - Ruta inexistente
[2023-03-14T13:00:09.190] [WARN] warn - GET /index.js - Ruta inexistente
[2023-03-14T13:00:13.478] [WARN] warn - GET /css/estilos.css - Ruta inexistente
[2023-03-14T13:00:15.553] [WARN] warn - GET /cart - Ruta inexistente
